<?xml version="1.0" encoding="UTF-8"?>
<!-- Generated by org.testng.reporters.JUnitXMLReporter -->
<testsuite hostname="LAPTOP-HANTLPHQ" ignored="0" name="Test" tests="4" failures="0" timestamp="2022-05-16T21:22:31 IST" time="0.031" errors="0">
  <testcase name="BrowserAutomation" time="0.003" classname="Learning.Mavenjava.SeleniumTest"/>
  <testcase name="elementsUi" time="0.0" classname="Learning.Mavenjava.SeleniumTest"/>
  <testcase name="deleteTwitter" time="0.0" classname="Learning.Mavenjava.APITest"/>
  <testcase name="postJira" time="0.0" classname="Learning.Mavenjava.APITest"/>
</testsuite> <!-- Test -->
